<?xml version="1.0" encoding="UTF-8"?>
<!-- Generated by org.testng.reporters.JUnitReportReporter -->
<testsuite hostname="ITEM-S133501" failures="0" tests="1" name="com.sopra.magento.tests.SignInTest" time="4.332" errors="0" timestamp="2024-11-09T18:50:45 IST" skipped="0">
  <testcase classname="com.sopra.magento.tests.SignInTest" name="signInTest" time="4.332"/>
  <system-out/>
</testsuite> <!-- com.sopra.magento.tests.SignInTest -->
