<?xml version="1.0" encoding="UTF-8"?>
<!-- Generated by org.testng.reporters.JUnitReportReporter -->
<testsuite hostname="ITEM-S133501" failures="0" tests="1" name="com.sopra.magento.tests.RegistrationTest" time="4.258" errors="0" timestamp="2024-10-23T13:36:31 IST" skipped="0">
  <testcase classname="com.sopra.magento.tests.RegistrationTest" name="registrationTest" time="4.258"/>
</testsuite> <!-- com.sopra.magento.tests.RegistrationTest -->
